<?xml version="1.0" encoding="UTF-8"?>
<!-- Generated by org.testng.reporters.JUnitReportReporter -->
<testsuite hostname="FVFJ119QQ6LR" failures="0" tests="3" name="Tests.TC1" time="0.030" errors="0" timestamp="2023-05-02T15:59:04 IST" skipped="0">
  <testcase classname="Tests.TC1" name="GetURL" time="0.006"/>
  <system-out/>
  <testcase classname="Tests.TC1" name="GetWindowHandle" time="0.002"/>
  <system-out/>
  <testcase classname="Tests.TC1" name="GetTitle" time="0.022"/>
  <system-out/>
</testsuite> <!-- Tests.TC1 -->
